<?xml version="1.0" encoding="UTF-8"?>
<!-- Generated by org.testng.reporters.JUnitXMLReporter -->
<testsuite hostname="Anils-MacBook-Pro.local" name="DataDriver" tests="2" failures="0" timestamp="7 Aug 2016 16:36:36 GMT" time="23.719" errors="0">
  <testcase name="searchFlightsWithMultiData" time="7.04" classname="com.anil.framework.DataDriven.TestNG_DataDriver"/>
  <testcase name="searchFlightsWithMultiData" time="6.88" classname="com.anil.framework.DataDriven.TestNG_DataDriver"/>
</testsuite> <!-- DataDriver -->
