<?xml version="1.0" encoding="UTF-8"?>
<!-- Generated by org.testng.reporters.JUnitXMLReporter -->
<testsuite hostname="Anils-MacBook-Pro.local" name="Chrome Test" tests="2" failures="0" timestamp="9 Aug 2016 07:11:52 GMT" time="23.954" errors="0">
  <testcase name="searchFlightsWithMultiData" time="12.388" classname="com.anil.framework.DataDriven.TestNG_MultiBrowserAndParallelTest"/>
  <testcase name="searchFlightsWithMultiData" time="10.762" classname="com.anil.framework.DataDriven.TestNG_MultiBrowserAndParallelTest"/>
</testsuite> <!-- Chrome Test -->
