<?xml version="1.0" encoding="UTF-8"?>
<!-- Generated by org.testng.reporters.JUnitXMLReporter -->
<testsuite hostname="Anils-MacBook-Pro.local" name="Firefox Test" tests="2" failures="0" timestamp="9 Aug 2016 07:11:28 GMT" time="28.492" errors="0">
  <testcase name="searchFlightsWithMultiData" time="14.382" classname="com.anil.framework.DataDriven.TestNG_MultiBrowserAndParallelTest"/>
  <testcase name="searchFlightsWithMultiData" time="11.6" classname="com.anil.framework.DataDriven.TestNG_MultiBrowserAndParallelTest"/>
</testsuite> <!-- Firefox Test -->
