<?xml version="1.0" encoding="UTF-8"?>
<!-- Generated by org.testng.reporters.JUnitXMLReporter -->
<testsuite hostname="Anils-MacBook-Pro.local" name="ExpediaSearchPage" tests="3" failures="0" timestamp="5 Aug 2016 13:41:00 GMT" time="0.021" errors="0">
  <testcase name="BMW3Series" time="0.007" classname="com.anil.framework.DataDriven.Test_TestNG_Grouping"/>
  <testcase name="BMWX3" time="0.001" classname="com.anil.framework.DataDriven.Test_TestNG_Grouping"/>
  <testcase name="AudiA6" time="0.0" classname="com.anil.framework.DataDriven.Test_TestNG_Grouping"/>
</testsuite> <!-- ExpediaSearchPage -->
