<?xml version="1.0" encoding="UTF-8"?>
<testng-results skipped="0" failed="0" ignored="0" total="1" passed="1">
  <reporter-output>
  </reporter-output>
  <suite name="Default suite" duration-ms="22" started-at="2017-11-12T22:49:24Z" finished-at="2017-11-12T22:49:24Z">
    <groups>
    </groups>
    <test name="Default test" duration-ms="22" started-at="2017-11-12T22:49:24Z" finished-at="2017-11-12T22:49:24Z">
      <class name="stringReverse">
        <test-method status="PASS" signature="StringReverse()[pri:0, instance:stringReverse@7823a2f9]" name="StringReverse" duration-ms="8" started-at="2017-11-13T09:49:24Z" finished-at="2017-11-13T09:49:24Z">
          <reporter-output>
          </reporter-output>
        </test-method> <!-- StringReverse -->
      </class> <!-- stringReverse -->
    </test> <!-- Default test -->
  </suite> <!-- Default suite -->
</testng-results>
