<?xml version="1.0" encoding="UTF-8"?>
<!-- Generated by org.testng.reporters.JUnitXMLReporter -->
<testsuite hostname="Anils-MacBook-Pro.local" name="Firefox Test" tests="3" failures="0" timestamp="7 Aug 2016 21:29:55 GMT" time="29.078" errors="0">
  <testcase name="googleTest" time="4.566" classname="com.anil.framework.DataDriven.multithreaded_anil"/>
  <testcase name="searchFlightsWithMultiData" time="8.383" classname="com.anil.framework.DataDriven.TestNG_DataDriver2"/>
  <testcase name="searchFlightsWithMultiData" time="7.756" classname="com.anil.framework.DataDriven.TestNG_DataDriver2"/>
</testsuite> <!-- Firefox Test -->
